<?xml version="1.0" encoding="UTF-8"?>
<testsuite name="edu.tec.ic6821.app.ApplicationTests" tests="1" skipped="0" failures="0" errors="0" timestamp="2021-10-24T16:55:42" hostname="caa-81052" time="0.002">
  <properties/>
  <testcase name="contextLoads" classname="edu.tec.ic6821.app.ApplicationTests" time="0.002"/>
  <system-out><![CDATA[2021-10-24 10:55:42.095  INFO 19710 --- [    Test worker] .b.t.c.SpringBootTestContextBootstrapper : Neither @ContextConfiguration nor @ContextHierarchy found for test class [edu.tec.ic6821.app.ApplicationTests], using SpringBootContextLoader
2021-10-24 10:55:42.096  INFO 19710 --- [    Test worker] o.s.t.c.support.AbstractContextLoader    : Could not detect default resource locations for test class [edu.tec.ic6821.app.ApplicationTests]: no resource found for suffixes {-context.xml, Context.groovy}.
2021-10-24 10:55:42.096  INFO 19710 --- [    Test worker] t.c.s.AnnotationConfigContextLoaderUtils : Could not detect default configuration classes for test class [edu.tec.ic6821.app.ApplicationTests]: ApplicationTests does not declare any static, non-private, non-final, nested classes annotated with @Configuration.
2021-10-24 10:55:42.100  INFO 19710 --- [    Test worker] .b.t.c.SpringBootTestContextBootstrapper : Found @SpringBootConfiguration edu.tec.ic6821.app.Application for test class edu.tec.ic6821.app.ApplicationTests
2021-10-24 10:55:42.101  INFO 19710 --- [    Test worker] .b.t.c.SpringBootTestContextBootstrapper : Loaded default TestExecutionListener class names from location [META-INF/spring.factories]: [org.springframework.boot.test.autoconfigure.restdocs.RestDocsTestExecutionListener, org.springframework.boot.test.autoconfigure.web.client.MockRestServiceServerResetTestExecutionListener, org.springframework.boot.test.autoconfigure.web.servlet.MockMvcPrintOnlyOnFailureTestExecutionListener, org.springframework.boot.test.autoconfigure.web.servlet.WebDriverTestExecutionListener, org.springframework.boot.test.mock.mockito.MockitoTestExecutionListener, org.springframework.boot.test.mock.mockito.ResetMocksTestExecutionListener, org.springframework.test.context.web.ServletTestExecutionListener, org.springframework.test.context.support.DirtiesContextBeforeModesTestExecutionListener, org.springframework.test.context.support.DependencyInjectionTestExecutionListener, org.springframework.test.context.support.DirtiesContextTestExecutionListener, org.springframework.test.context.transaction.TransactionalTestExecutionListener, org.springframework.test.context.jdbc.SqlScriptsTestExecutionListener]
2021-10-24 10:55:42.102  INFO 19710 --- [    Test worker] .b.t.c.SpringBootTestContextBootstrapper : Using TestExecutionListeners: [org.springframework.test.context.web.ServletTestExecutionListener@5336774, org.springframework.test.context.support.DirtiesContextBeforeModesTestExecutionListener@4909db17, org.springframework.boot.test.mock.mockito.MockitoTestExecutionListener@27ff3570, org.springframework.boot.test.autoconfigure.SpringBootDependencyInjectionTestExecutionListener@40738063, org.springframework.test.context.support.DirtiesContextTestExecutionListener@5ee557de, org.springframework.test.context.transaction.TransactionalTestExecutionListener@5933ee76, org.springframework.test.context.jdbc.SqlScriptsTestExecutionListener@7390495, org.springframework.boot.test.autoconfigure.restdocs.RestDocsTestExecutionListener@5b15ec89, org.springframework.boot.test.autoconfigure.web.client.MockRestServiceServerResetTestExecutionListener@2f3a1b92, org.springframework.boot.test.autoconfigure.web.servlet.MockMvcPrintOnlyOnFailureTestExecutionListener@69bc005d, org.springframework.boot.test.autoconfigure.web.servlet.WebDriverTestExecutionListener@266eac53, org.springframework.boot.test.mock.mockito.ResetMocksTestExecutionListener@52eb7db3]
]]></system-out>
  <system-err><![CDATA[]]></system-err>
</testsuite>
