<?xml version="1.0" encoding="UTF-8"?>
<testsuite name="edu.tec.ic6821.app.greetings.GreetingControllerTests" tests="1" skipped="0" failures="0" errors="0" timestamp="2021-10-24T16:55:40" hostname="caa-81052" time="0.09">
  <properties/>
  <testcase name="whenGreet_thenSendGreeting" classname="edu.tec.ic6821.app.greetings.GreetingControllerTests" time="0.09"/>
  <system-out><![CDATA[2021-10-24 10:55:39.425  INFO 19710 --- [    Test worker] .b.t.a.w.s.WebMvcTestContextBootstrapper : Neither @ContextConfiguration nor @ContextHierarchy found for test class [edu.tec.ic6821.app.greetings.GreetingControllerTests], using SpringBootContextLoader
2021-10-24 10:55:39.426  INFO 19710 --- [    Test worker] o.s.t.c.support.AbstractContextLoader    : Could not detect default resource locations for test class [edu.tec.ic6821.app.greetings.GreetingControllerTests]: no resource found for suffixes {-context.xml, Context.groovy}.
2021-10-24 10:55:39.426  INFO 19710 --- [    Test worker] t.c.s.AnnotationConfigContextLoaderUtils : Could not detect default configuration classes for test class [edu.tec.ic6821.app.greetings.GreetingControllerTests]: GreetingControllerTests does not declare any static, non-private, non-final, nested classes annotated with @Configuration.
2021-10-24 10:55:39.446  INFO 19710 --- [    Test worker] .b.t.c.SpringBootTestContextBootstrapper : Found @SpringBootConfiguration edu.tec.ic6821.app.Application for test class edu.tec.ic6821.app.greetings.GreetingControllerTests
2021-10-24 10:55:39.447  INFO 19710 --- [    Test worker] .b.t.a.w.s.WebMvcTestContextBootstrapper : Loaded default TestExecutionListener class names from location [META-INF/spring.factories]: [org.springframework.boot.test.autoconfigure.restdocs.RestDocsTestExecutionListener, org.springframework.boot.test.autoconfigure.web.client.MockRestServiceServerResetTestExecutionListener, org.springframework.boot.test.autoconfigure.web.servlet.MockMvcPrintOnlyOnFailureTestExecutionListener, org.springframework.boot.test.autoconfigure.web.servlet.WebDriverTestExecutionListener, org.springframework.boot.test.mock.mockito.MockitoTestExecutionListener, org.springframework.boot.test.mock.mockito.ResetMocksTestExecutionListener, org.springframework.test.context.web.ServletTestExecutionListener, org.springframework.test.context.support.DirtiesContextBeforeModesTestExecutionListener, org.springframework.test.context.support.DependencyInjectionTestExecutionListener, org.springframework.test.context.support.DirtiesContextTestExecutionListener, org.springframework.test.context.transaction.TransactionalTestExecutionListener, org.springframework.test.context.jdbc.SqlScriptsTestExecutionListener]
2021-10-24 10:55:39.447  INFO 19710 --- [    Test worker] .b.t.a.w.s.WebMvcTestContextBootstrapper : Using TestExecutionListeners: [org.springframework.test.context.web.ServletTestExecutionListener@2474c0c5, org.springframework.test.context.support.DirtiesContextBeforeModesTestExecutionListener@7c8f1ac9, org.springframework.boot.test.mock.mockito.MockitoTestExecutionListener@67470b7f, org.springframework.boot.test.autoconfigure.SpringBootDependencyInjectionTestExecutionListener@215bde63, org.springframework.test.context.support.DirtiesContextTestExecutionListener@232b5065, org.springframework.test.context.transaction.TransactionalTestExecutionListener@27f64f9b, org.springframework.test.context.jdbc.SqlScriptsTestExecutionListener@78b5a4e9, org.springframework.boot.test.autoconfigure.restdocs.RestDocsTestExecutionListener@762c55a, org.springframework.boot.test.autoconfigure.web.client.MockRestServiceServerResetTestExecutionListener@7e3315ab, org.springframework.boot.test.autoconfigure.web.servlet.MockMvcPrintOnlyOnFailureTestExecutionListener@6b2c1761, org.springframework.boot.test.autoconfigure.web.servlet.WebDriverTestExecutionListener@3e6b6401, org.springframework.boot.test.mock.mockito.ResetMocksTestExecutionListener@2f322e83]

  .   ____          _            __ _ _
 /\\ / ___'_ __ _ _(_)_ __  __ _ \ \ \ \
( ( )\___ | '_ | '_| | '_ \/ _` | \ \ \ \
 \\/  ___)| |_)| | | | | || (_| |  ) ) ) )
  '  |____| .__|_| |_|_| |_\__, | / / / /
 =========|_|==============|___/=/_/_/_/
 :: Spring Boot ::        (v2.1.2.RELEASE)

2021-10-24 10:55:39.474  INFO 19710 --- [    Test worker] e.t.i.a.g.GreetingControllerTests        : Starting GreetingControllerTests on caa-81052 with PID 19710 (started by estudiante in /home/estudiante/Escritorio/Proyectos SO y QA/Proyecto-QA)
2021-10-24 10:55:39.475  INFO 19710 --- [    Test worker] e.t.i.a.g.GreetingControllerTests        : No active profile set, falling back to default profiles: default
2021-10-24 10:55:39.866  INFO 19710 --- [    Test worker] trationDelegate$BeanPostProcessorChecker : Bean 'org.springframework.security.config.annotation.configuration.ObjectPostProcessorConfiguration' of type [org.springframework.security.config.annotation.configuration.ObjectPostProcessorConfiguration$$EnhancerBySpringCGLIB$$88e9885f] is not eligible for getting processed by all BeanPostProcessors (for example: not eligible for auto-proxying)
2021-10-24 10:55:39.869  INFO 19710 --- [    Test worker] trationDelegate$BeanPostProcessorChecker : Bean 'objectPostProcessor' of type [org.springframework.security.config.annotation.configuration.AutowireBeanFactoryObjectPostProcessor] is not eligible for getting processed by all BeanPostProcessors (for example: not eligible for auto-proxying)
2021-10-24 10:55:39.869  INFO 19710 --- [    Test worker] trationDelegate$BeanPostProcessorChecker : Bean 'org.springframework.security.access.expression.method.DefaultMethodSecurityExpressionHandler@37d6e5a9' of type [org.springframework.security.access.expression.method.DefaultMethodSecurityExpressionHandler] is not eligible for getting processed by all BeanPostProcessors (for example: not eligible for auto-proxying)
2021-10-24 10:55:39.874  INFO 19710 --- [    Test worker] trationDelegate$BeanPostProcessorChecker : Bean 'org.springframework.security.config.annotation.method.configuration.GlobalMethodSecurityConfiguration' of type [org.springframework.security.config.annotation.method.configuration.GlobalMethodSecurityConfiguration$$EnhancerBySpringCGLIB$$adbe2b11] is not eligible for getting processed by all BeanPostProcessors (for example: not eligible for auto-proxying)
2021-10-24 10:55:39.877  INFO 19710 --- [    Test worker] trationDelegate$BeanPostProcessorChecker : Bean 'methodSecurityMetadataSource' of type [org.springframework.security.access.method.DelegatingMethodSecurityMetadataSource] is not eligible for getting processed by all BeanPostProcessors (for example: not eligible for auto-proxying)
2021-10-24 10:55:40.090  INFO 19710 --- [    Test worker] o.s.s.web.DefaultSecurityFilterChain     : Creating filter chain: any request, [org.springframework.security.web.context.request.async.WebAsyncManagerIntegrationFilter@5f212338, org.springframework.security.web.context.SecurityContextPersistenceFilter@3d8535aa, org.springframework.security.web.header.HeaderWriterFilter@53e7db10, org.springframework.web.filter.CorsFilter@14a07557, org.springframework.security.web.authentication.logout.LogoutFilter@58a3531, edu.tec.ic6821.app.identity.config.JwtAuthTokenFilter@3cc8bc9e, org.springframework.security.web.savedrequest.RequestCacheAwareFilter@ece4850, org.springframework.security.web.servletapi.SecurityContextHolderAwareRequestFilter@631c2dc2, org.springframework.security.web.authentication.AnonymousAuthenticationFilter@5cb9fd0, org.springframework.security.web.session.SessionManagementFilter@5cd754e4, org.springframework.security.web.access.ExceptionTranslationFilter@616a4248, org.springframework.security.web.access.intercept.FilterSecurityInterceptor@6615132e]
2021-10-24 10:55:40.176  INFO 19710 --- [    Test worker] o.s.s.concurrent.ThreadPoolTaskExecutor  : Initializing ExecutorService 'applicationTaskExecutor'
2021-10-24 10:55:40.246  INFO 19710 --- [    Test worker] o.s.b.t.m.w.SpringBootMockServletContext : Initializing Spring TestDispatcherServlet ''
2021-10-24 10:55:40.246  INFO 19710 --- [    Test worker] o.s.t.web.servlet.TestDispatcherServlet  : Initializing Servlet ''
2021-10-24 10:55:40.255  INFO 19710 --- [    Test worker] o.s.t.web.servlet.TestDispatcherServlet  : Completed initialization in 9 ms
2021-10-24 10:55:40.272  INFO 19710 --- [    Test worker] e.t.i.a.g.GreetingControllerTests        : Started GreetingControllerTests in 0.822 seconds (JVM running for 5.463)
]]></system-out>
  <system-err><![CDATA[]]></system-err>
</testsuite>
