<?xml version="1.0" encoding="UTF-8"?>
<testsuite name="edu.tec.ic6821.app.common.EmailServiceTests" tests="1" skipped="0" failures="0" errors="0" timestamp="2021-10-24T16:55:38" hostname="caa-81052" time="0.777">
  <properties/>
  <testcase name="shouldSendSampleMail" classname="edu.tec.ic6821.app.common.EmailServiceTests" time="0.777"/>
  <system-out><![CDATA[10:55:35.362 [Test worker] DEBUG org.springframework.test.context.junit4.SpringJUnit4ClassRunner - SpringJUnit4ClassRunner constructor called with [class edu.tec.ic6821.app.common.EmailServiceTests]
10:55:35.369 [Test worker] DEBUG org.springframework.test.context.BootstrapUtils - Instantiating CacheAwareContextLoaderDelegate from class [org.springframework.test.context.cache.DefaultCacheAwareContextLoaderDelegate]
10:55:35.376 [Test worker] DEBUG org.springframework.test.context.BootstrapUtils - Instantiating BootstrapContext using constructor [public org.springframework.test.context.support.DefaultBootstrapContext(java.lang.Class,org.springframework.test.context.CacheAwareContextLoaderDelegate)]
10:55:35.389 [Test worker] DEBUG org.springframework.test.context.BootstrapUtils - Instantiating TestContextBootstrapper for test class [edu.tec.ic6821.app.common.EmailServiceTests] from class [org.springframework.boot.test.context.SpringBootTestContextBootstrapper]
10:55:35.397 [Test worker] INFO org.springframework.boot.test.context.SpringBootTestContextBootstrapper - Neither @ContextConfiguration nor @ContextHierarchy found for test class [edu.tec.ic6821.app.common.EmailServiceTests], using SpringBootContextLoader
10:55:35.399 [Test worker] DEBUG org.springframework.test.context.support.AbstractContextLoader - Did not detect default resource location for test class [edu.tec.ic6821.app.common.EmailServiceTests]: class path resource [edu/tec/ic6821/app/common/EmailServiceTests-context.xml] does not exist
10:55:35.400 [Test worker] DEBUG org.springframework.test.context.support.AbstractContextLoader - Did not detect default resource location for test class [edu.tec.ic6821.app.common.EmailServiceTests]: class path resource [edu/tec/ic6821/app/common/EmailServiceTestsContext.groovy] does not exist
10:55:35.400 [Test worker] INFO org.springframework.test.context.support.AbstractContextLoader - Could not detect default resource locations for test class [edu.tec.ic6821.app.common.EmailServiceTests]: no resource found for suffixes {-context.xml, Context.groovy}.
10:55:35.401 [Test worker] INFO org.springframework.test.context.support.AnnotationConfigContextLoaderUtils - Could not detect default configuration classes for test class [edu.tec.ic6821.app.common.EmailServiceTests]: EmailServiceTests does not declare any static, non-private, non-final, nested classes annotated with @Configuration.
10:55:35.432 [Test worker] DEBUG org.springframework.test.context.support.ActiveProfilesUtils - Could not find an 'annotation declaring class' for annotation type [org.springframework.test.context.ActiveProfiles] and class [edu.tec.ic6821.app.common.EmailServiceTests]
10:55:35.474 [Test worker] DEBUG org.springframework.context.annotation.ClassPathScanningCandidateComponentProvider - Identified candidate component class: file [/home/estudiante/Escritorio/Proyectos SO y QA/Proyecto-QA/build/classes/java/main/edu/tec/ic6821/app/Application.class]
10:55:35.475 [Test worker] INFO org.springframework.boot.test.context.SpringBootTestContextBootstrapper - Found @SpringBootConfiguration edu.tec.ic6821.app.Application for test class edu.tec.ic6821.app.common.EmailServiceTests
10:55:35.529 [Test worker] DEBUG org.springframework.boot.test.context.SpringBootTestContextBootstrapper - @TestExecutionListeners is not present for class [edu.tec.ic6821.app.common.EmailServiceTests]: using defaults.
10:55:35.529 [Test worker] INFO org.springframework.boot.test.context.SpringBootTestContextBootstrapper - Loaded default TestExecutionListener class names from location [META-INF/spring.factories]: [org.springframework.boot.test.autoconfigure.restdocs.RestDocsTestExecutionListener, org.springframework.boot.test.autoconfigure.web.client.MockRestServiceServerResetTestExecutionListener, org.springframework.boot.test.autoconfigure.web.servlet.MockMvcPrintOnlyOnFailureTestExecutionListener, org.springframework.boot.test.autoconfigure.web.servlet.WebDriverTestExecutionListener, org.springframework.boot.test.mock.mockito.MockitoTestExecutionListener, org.springframework.boot.test.mock.mockito.ResetMocksTestExecutionListener, org.springframework.test.context.web.ServletTestExecutionListener, org.springframework.test.context.support.DirtiesContextBeforeModesTestExecutionListener, org.springframework.test.context.support.DependencyInjectionTestExecutionListener, org.springframework.test.context.support.DirtiesContextTestExecutionListener, org.springframework.test.context.transaction.TransactionalTestExecutionListener, org.springframework.test.context.jdbc.SqlScriptsTestExecutionListener]
10:55:35.539 [Test worker] INFO org.springframework.boot.test.context.SpringBootTestContextBootstrapper - Using TestExecutionListeners: [org.springframework.test.context.web.ServletTestExecutionListener@1a140ce2, org.springframework.test.context.support.DirtiesContextBeforeModesTestExecutionListener@2c6b0023, org.springframework.boot.test.mock.mockito.MockitoTestExecutionListener@4092f933, org.springframework.boot.test.autoconfigure.SpringBootDependencyInjectionTestExecutionListener@fd1656d, org.springframework.test.context.support.DirtiesContextTestExecutionListener@35980b69, org.springframework.test.context.transaction.TransactionalTestExecutionListener@41867fe1, org.springframework.test.context.jdbc.SqlScriptsTestExecutionListener@160a4d83, org.springframework.boot.test.autoconfigure.restdocs.RestDocsTestExecutionListener@1274a822, org.springframework.boot.test.autoconfigure.web.client.MockRestServiceServerResetTestExecutionListener@67422a46, org.springframework.boot.test.autoconfigure.web.servlet.MockMvcPrintOnlyOnFailureTestExecutionListener@15493838, org.springframework.boot.test.autoconfigure.web.servlet.WebDriverTestExecutionListener@51eb1947, org.springframework.boot.test.mock.mockito.ResetMocksTestExecutionListener@66699ee0]
10:55:35.541 [Test worker] DEBUG org.springframework.test.annotation.ProfileValueUtils - Retrieved @ProfileValueSourceConfiguration [null] for test class [edu.tec.ic6821.app.common.EmailServiceTests]
10:55:35.541 [Test worker] DEBUG org.springframework.test.annotation.ProfileValueUtils - Retrieved ProfileValueSource type [class org.springframework.test.annotation.SystemProfileValueSource] for class [edu.tec.ic6821.app.common.EmailServiceTests]
10:55:35.542 [Test worker] DEBUG org.springframework.test.annotation.ProfileValueUtils - Retrieved @ProfileValueSourceConfiguration [null] for test class [edu.tec.ic6821.app.common.EmailServiceTests]
10:55:35.542 [Test worker] DEBUG org.springframework.test.annotation.ProfileValueUtils - Retrieved ProfileValueSource type [class org.springframework.test.annotation.SystemProfileValueSource] for class [edu.tec.ic6821.app.common.EmailServiceTests]
10:55:35.545 [Test worker] DEBUG org.springframework.test.context.support.AbstractDirtiesContextTestExecutionListener - Before test class: context [DefaultTestContext@28bc63fe testClass = EmailServiceTests, testInstance = [null], testMethod = [null], testException = [null], mergedContextConfiguration = [WebMergedContextConfiguration@6aa42225 testClass = EmailServiceTests, locations = '{}', classes = '{class edu.tec.ic6821.app.Application}', contextInitializerClasses = '[]', activeProfiles = '{}', propertySourceLocations = '{}', propertySourceProperties = '{spring.mail.host = 127.0.0.1, spring.mail.port = 3025, org.springframework.boot.test.context.SpringBootTestContextBootstrapper=true}', contextCustomizers = set[org.springframework.boot.test.autoconfigure.properties.PropertyMappingContextCustomizer@0, org.springframework.boot.test.autoconfigure.web.servlet.WebDriverContextCustomizerFactory$Customizer@2f2f998b, org.springframework.boot.test.context.filter.ExcludeFilterContextCustomizer@42e09344, org.springframework.boot.test.json.DuplicateJsonObjectContextCustomizerFactory$DuplicateJsonObjectContextCustomizer@a597c35, org.springframework.boot.test.mock.mockito.MockitoContextCustomizer@0, org.springframework.boot.test.web.client.TestRestTemplateContextCustomizer@4554e805], resourceBasePath = 'src/main/webapp', contextLoader = 'org.springframework.boot.test.context.SpringBootContextLoader', parent = [null]], attributes = map['org.springframework.test.context.web.ServletTestExecutionListener.activateListener' -> true]], class annotated with @DirtiesContext [false] with mode [null].
10:55:35.545 [Test worker] DEBUG org.springframework.test.annotation.ProfileValueUtils - Retrieved @ProfileValueSourceConfiguration [null] for test class [edu.tec.ic6821.app.common.EmailServiceTests]
10:55:35.545 [Test worker] DEBUG org.springframework.test.annotation.ProfileValueUtils - Retrieved ProfileValueSource type [class org.springframework.test.annotation.SystemProfileValueSource] for class [edu.tec.ic6821.app.common.EmailServiceTests]
10:55:35.557 [Test worker] DEBUG org.springframework.test.context.support.TestPropertySourceUtils - Adding inlined properties to environment: {spring.jmx.enabled=false, spring.mail.host = 127.0.0.1, spring.mail.port = 3025, org.springframework.boot.test.context.SpringBootTestContextBootstrapper=true, server.port=-1}

  .   ____          _            __ _ _
 /\\ / ___'_ __ _ _(_)_ __  __ _ \ \ \ \
( ( )\___ | '_ | '_| | '_ \/ _` | \ \ \ \
 \\/  ___)| |_)| | | | | || (_| |  ) ) ) )
  '  |____| .__|_| |_|_| |_\__, | / / / /
 =========|_|==============|___/=/_/_/_/
 :: Spring Boot ::        (v2.1.2.RELEASE)

2021-10-24 10:55:35.768  INFO 19710 --- [    Test worker] e.t.ic6821.app.common.EmailServiceTests  : Starting EmailServiceTests on caa-81052 with PID 19710 (started by estudiante in /home/estudiante/Escritorio/Proyectos SO y QA/Proyecto-QA)
2021-10-24 10:55:35.770  INFO 19710 --- [    Test worker] e.t.ic6821.app.common.EmailServiceTests  : No active profile set, falling back to default profiles: default
2021-10-24 10:55:36.325  INFO 19710 --- [    Test worker] .s.d.r.c.RepositoryConfigurationDelegate : Bootstrapping Spring Data repositories in DEFAULT mode.
2021-10-24 10:55:36.343  INFO 19710 --- [    Test worker] .s.d.r.c.RepositoryConfigurationDelegate : Finished Spring Data repository scanning in 14ms. Found 0 repository interfaces.
2021-10-24 10:55:36.621  INFO 19710 --- [    Test worker] trationDelegate$BeanPostProcessorChecker : Bean 'org.springframework.transaction.annotation.ProxyTransactionManagementConfiguration' of type [org.springframework.transaction.annotation.ProxyTransactionManagementConfiguration$$EnhancerBySpringCGLIB$$f03bc025] is not eligible for getting processed by all BeanPostProcessors (for example: not eligible for auto-proxying)
2021-10-24 10:55:36.656  INFO 19710 --- [    Test worker] trationDelegate$BeanPostProcessorChecker : Bean 'org.springframework.security.config.annotation.configuration.ObjectPostProcessorConfiguration' of type [org.springframework.security.config.annotation.configuration.ObjectPostProcessorConfiguration$$EnhancerBySpringCGLIB$$88e9885f] is not eligible for getting processed by all BeanPostProcessors (for example: not eligible for auto-proxying)
2021-10-24 10:55:36.662  INFO 19710 --- [    Test worker] trationDelegate$BeanPostProcessorChecker : Bean 'objectPostProcessor' of type [org.springframework.security.config.annotation.configuration.AutowireBeanFactoryObjectPostProcessor] is not eligible for getting processed by all BeanPostProcessors (for example: not eligible for auto-proxying)
2021-10-24 10:55:36.663  INFO 19710 --- [    Test worker] trationDelegate$BeanPostProcessorChecker : Bean 'org.springframework.security.access.expression.method.DefaultMethodSecurityExpressionHandler@5518b5fd' of type [org.springframework.security.access.expression.method.DefaultMethodSecurityExpressionHandler] is not eligible for getting processed by all BeanPostProcessors (for example: not eligible for auto-proxying)
2021-10-24 10:55:36.668  INFO 19710 --- [    Test worker] trationDelegate$BeanPostProcessorChecker : Bean 'org.springframework.security.config.annotation.method.configuration.GlobalMethodSecurityConfiguration' of type [org.springframework.security.config.annotation.method.configuration.GlobalMethodSecurityConfiguration$$EnhancerBySpringCGLIB$$adbe2b11] is not eligible for getting processed by all BeanPostProcessors (for example: not eligible for auto-proxying)
2021-10-24 10:55:36.672  INFO 19710 --- [    Test worker] trationDelegate$BeanPostProcessorChecker : Bean 'methodSecurityMetadataSource' of type [org.springframework.security.access.method.DelegatingMethodSecurityMetadataSource] is not eligible for getting processed by all BeanPostProcessors (for example: not eligible for auto-proxying)
2021-10-24 10:55:36.789  INFO 19710 --- [    Test worker] o.f.c.internal.license.VersionPrinter    : Flyway Community Edition 5.2.4 by Boxfuse
2021-10-24 10:55:36.793  INFO 19710 --- [    Test worker] com.zaxxer.hikari.HikariDataSource       : HikariPool-1 - Starting...
2021-10-24 10:55:36.796  WARN 19710 --- [    Test worker] com.zaxxer.hikari.util.DriverDataSource  : Registered driver with driverClassName=org.hsqldb.jdbcDriver was not found, trying direct instantiation.
2021-10-24 10:55:36.966  INFO 19710 --- [    Test worker] com.zaxxer.hikari.pool.PoolBase          : HikariPool-1 - Driver does not support get/set network timeout for connections. (característica no soportada)
2021-10-24 10:55:36.968  INFO 19710 --- [    Test worker] com.zaxxer.hikari.HikariDataSource       : HikariPool-1 - Start completed.
2021-10-24 10:55:36.974  INFO 19710 --- [    Test worker] o.f.c.internal.database.DatabaseFactory  : Database: jdbc:hsqldb:mem:testdb (HSQL Database Engine 2.4)
2021-10-24 10:55:37.006  INFO 19710 --- [    Test worker] o.f.core.internal.command.DbValidate     : Successfully validated 1 migration (execution time 00:00.006s)
2021-10-24 10:55:37.009  INFO 19710 --- [    Test worker] o.f.c.i.s.JdbcTableSchemaHistory         : Creating Schema History table: "PUBLIC"."flyway_schema_history"
2021-10-24 10:55:37.018  INFO 19710 --- [    Test worker] o.f.core.internal.command.DbMigrate      : Current version of schema "PUBLIC": << Empty Schema >>
2021-10-24 10:55:37.019  INFO 19710 --- [    Test worker] o.f.core.internal.command.DbMigrate      : Migrating schema "PUBLIC" to version 0001 - Init
2021-10-24 10:55:37.024  INFO 19710 --- [    Test worker] o.f.core.internal.command.DbMigrate      : Successfully applied 1 migration to schema "PUBLIC" (execution time 00:00.015s)
2021-10-24 10:55:37.131  INFO 19710 --- [    Test worker] o.hibernate.jpa.internal.util.LogHelper  : HHH000204: Processing PersistenceUnitInfo [
	name: default
	...]
2021-10-24 10:55:37.170  INFO 19710 --- [    Test worker] org.hibernate.Version                    : HHH000412: Hibernate Core {5.3.7.Final}
2021-10-24 10:55:37.171  INFO 19710 --- [    Test worker] org.hibernate.cfg.Environment            : HHH000206: hibernate.properties not found
2021-10-24 10:55:37.263  INFO 19710 --- [    Test worker] o.hibernate.annotations.common.Version   : HCANN000001: Hibernate Commons Annotations {5.0.4.Final}
2021-10-24 10:55:37.347  INFO 19710 --- [    Test worker] org.hibernate.dialect.Dialect            : HHH000400: Using dialect: org.hibernate.dialect.HSQLDialect
2021-10-24 10:55:37.474  INFO 19710 --- [    Test worker] j.LocalContainerEntityManagerFactoryBean : Initialized JPA EntityManagerFactory for persistence unit 'default'
2021-10-24 10:55:37.846  WARN 19710 --- [    Test worker] aWebConfiguration$JpaWebMvcConfiguration : spring.jpa.open-in-view is enabled by default. Therefore, database queries may be performed during view rendering. Explicitly configure spring.jpa.open-in-view to disable this warning
2021-10-24 10:55:37.946  INFO 19710 --- [    Test worker] o.s.s.web.DefaultSecurityFilterChain     : Creating filter chain: any request, [org.springframework.security.web.context.request.async.WebAsyncManagerIntegrationFilter@7b993523, org.springframework.security.web.context.SecurityContextPersistenceFilter@32a4eb3b, org.springframework.security.web.header.HeaderWriterFilter@404c06d6, org.springframework.web.filter.CorsFilter@1f4f8233, org.springframework.security.web.authentication.logout.LogoutFilter@347802f5, edu.tec.ic6821.app.identity.config.JwtAuthTokenFilter@4d477dd1, org.springframework.security.web.savedrequest.RequestCacheAwareFilter@50ca8bce, org.springframework.security.web.servletapi.SecurityContextHolderAwareRequestFilter@469916eb, org.springframework.security.web.authentication.AnonymousAuthenticationFilter@393555c6, org.springframework.security.web.session.SessionManagementFilter@7d13ec63, org.springframework.security.web.access.ExceptionTranslationFilter@707cf8e5, org.springframework.security.web.access.intercept.FilterSecurityInterceptor@2a28371]
2021-10-24 10:55:38.311  INFO 19710 --- [    Test worker] o.s.s.concurrent.ThreadPoolTaskExecutor  : Initializing ExecutorService 'applicationTaskExecutor'
2021-10-24 10:55:38.622  INFO 19710 --- [    Test worker] e.t.ic6821.app.common.EmailServiceTests  : Started EmailServiceTests in 3.058 seconds (JVM running for 3.812)
2021-10-24 10:55:39.404  INFO 19710 --- [127.0.0.1:31196] com.icegreen.greenmail.smtp.SmtpManager  : Created user login someone@somemail.com for address someone@somemail.com with password someone@somemail.com because it didn't exist before.
receivedMessages[0] = <!DOCTYPE html>
<html lang="en" xmlns="http://www.w3.org/1999/xhtml">
<head></head>
<body>
<h1>!Hola <span>Fulanito</span>!</h1>
</body>
</html>

]]></system-out>
  <system-err><![CDATA[]]></system-err>
</testsuite>
