<?xml version="1.0" encoding="UTF-8"?>
<testsuite name="edu.tec.ic6821.app.users.UserServiceTests" tests="2" skipped="0" failures="0" errors="0" timestamp="2021-10-24T16:55:40" hostname="caa-81052" time="0.214">
  <properties/>
  <testcase name="givenNewUsername_whenCreate_thenReturnNewUser" classname="edu.tec.ic6821.app.users.UserServiceTests" time="0.212"/>
  <testcase name="givenExistingUsername_whenCreate_thenReturnEmpty" classname="edu.tec.ic6821.app.users.UserServiceTests" time="0.001"/>
  <system-out><![CDATA[2021-10-24 10:55:40.368  INFO 19710 --- [    Test worker] o.s.t.c.s.DefaultTestContextBootstrapper : Neither @ContextConfiguration nor @ContextHierarchy found for test class [edu.tec.ic6821.app.users.UserServiceTests], using DelegatingSmartContextLoader
2021-10-24 10:55:40.369  INFO 19710 --- [    Test worker] o.s.t.c.support.AbstractContextLoader    : Could not detect default resource locations for test class [edu.tec.ic6821.app.users.UserServiceTests]: no resource found for suffixes {-context.xml}.
2021-10-24 10:55:40.370  INFO 19710 --- [    Test worker] c.s.AbstractDelegatingSmartContextLoader : AnnotationConfigContextLoader detected default configuration classes for context configuration [ContextConfigurationAttributes@419f0bba declaringClass = 'edu.tec.ic6821.app.users.UserServiceTests', classes = '{class edu.tec.ic6821.app.users.UserServiceTests$UserServiceTestsConfiguration}', locations = '{}', inheritLocations = false, initializers = '{}', inheritInitializers = true, name = [null], contextLoaderClass = 'org.springframework.test.context.ContextLoader'].
2021-10-24 10:55:40.371  INFO 19710 --- [    Test worker] o.s.t.c.s.DefaultTestContextBootstrapper : Loaded default TestExecutionListener class names from location [META-INF/spring.factories]: [org.springframework.boot.test.autoconfigure.restdocs.RestDocsTestExecutionListener, org.springframework.boot.test.autoconfigure.web.client.MockRestServiceServerResetTestExecutionListener, org.springframework.boot.test.autoconfigure.web.servlet.MockMvcPrintOnlyOnFailureTestExecutionListener, org.springframework.boot.test.autoconfigure.web.servlet.WebDriverTestExecutionListener, org.springframework.boot.test.mock.mockito.MockitoTestExecutionListener, org.springframework.boot.test.mock.mockito.ResetMocksTestExecutionListener, org.springframework.test.context.web.ServletTestExecutionListener, org.springframework.test.context.support.DirtiesContextBeforeModesTestExecutionListener, org.springframework.test.context.support.DependencyInjectionTestExecutionListener, org.springframework.test.context.support.DirtiesContextTestExecutionListener, org.springframework.test.context.transaction.TransactionalTestExecutionListener, org.springframework.test.context.jdbc.SqlScriptsTestExecutionListener]
2021-10-24 10:55:40.372  INFO 19710 --- [    Test worker] o.s.t.c.s.DefaultTestContextBootstrapper : Using TestExecutionListeners: [org.springframework.test.context.web.ServletTestExecutionListener@78348570, org.springframework.test.context.support.DirtiesContextBeforeModesTestExecutionListener@216dc7a0, org.springframework.boot.test.mock.mockito.MockitoTestExecutionListener@1896caec, org.springframework.test.context.support.DependencyInjectionTestExecutionListener@b31ae6, org.springframework.test.context.support.DirtiesContextTestExecutionListener@5c701085, org.springframework.test.context.transaction.TransactionalTestExecutionListener@13ef8c6c, org.springframework.test.context.jdbc.SqlScriptsTestExecutionListener@3d00f557, org.springframework.boot.test.autoconfigure.restdocs.RestDocsTestExecutionListener@257cac3b, org.springframework.boot.test.autoconfigure.web.client.MockRestServiceServerResetTestExecutionListener@79547429, org.springframework.boot.test.autoconfigure.web.servlet.MockMvcPrintOnlyOnFailureTestExecutionListener@16371b83, org.springframework.boot.test.autoconfigure.web.servlet.WebDriverTestExecutionListener@2c27ee5f, org.springframework.boot.test.mock.mockito.ResetMocksTestExecutionListener@6c7a8294]
]]></system-out>
  <system-err><![CDATA[]]></system-err>
</testsuite>
